<?xml version="1.0" encoding="UTF-8"?>
<!-- Generated by org.testng.reporters.JUnitXMLReporter -->
<testsuite ignored="1" hostname="DESKTOP-S344IQT" failures="0" tests="2" name="Default test" time="0.057" errors="0" timestamp="2022-08-26T16:36:40 IST">
  <testcase classname="keywordTestNG.Demo01" name="m2" time="0.011"/>
  <testcase classname="keywordTestNG.Demo01" name="m3" time="0.001"/>
  <testcase classname="keywordTestNG.Demo01" name="m1" time="0.0">
    <ignored/>
  </testcase> <!-- m1 -->
</testsuite> <!-- Default test -->
