<?xml version="1.0" encoding="UTF-8"?>
<!-- Generated by org.testng.reporters.JUnitXMLReporter -->
<testsuite ignored="2" hostname="DESKTOP-S344IQT" failures="0" tests="1" name="Test" time="0.051" errors="0" timestamp="2022-08-30T17:24:26 IST">
  <testcase classname="testNG.Demo01" name="m2" time="0.008"/>
  <testcase classname="testNG.Demo01" name="m3" time="0.0">
    <ignored/>
  </testcase> <!-- m3 -->
  <testcase classname="testNG.Demo01" name="m1" time="0.0">
    <ignored/>
  </testcase> <!-- m1 -->
</testsuite> <!-- Test -->
