<?xml version="1.0" encoding="UTF-8"?>
<testng-results ignored="2" total="3" passed="1" failed="0" skipped="0">
  <reporter-output>
  </reporter-output>
  <suite started-at="2022-08-30T17:24:26 IST" name="Suite" finished-at="2022-08-30T17:24:26 IST" duration-ms="51">
    <groups>
      <group name="test">
        <method signature="Demo01.m2()[pri:0, instance:testNG.Demo01@581ac8a8]" name="m2" class="testNG.Demo01"/>
      </group> <!-- test -->
    </groups>
    <test started-at="2022-08-30T17:24:26 IST" name="Test" finished-at="2022-08-30T17:24:26 IST" duration-ms="51">
      <class name="testNG.Demo01">
        <test-method signature="m2()[pri:0, instance:testNG.Demo01@581ac8a8]" started-at="2022-08-30T17:24:26 IST" name="m2" finished-at="2022-08-30T17:24:26 IST" duration-ms="8" status="PASS">
          <reporter-output>
          </reporter-output>
        </test-method> <!-- m2 -->
      </class> <!-- testNG.Demo01 -->
    </test> <!-- Test -->
  </suite> <!-- Suite -->
</testng-results>
